<?xml version="1.0" encoding="UTF-8"?>
<testsuite xmlns:xsi="http://www.w3.org/2001/XMLSchema-instance" xsi:noNamespaceSchemaLocation="https://maven.apache.org/surefire/maven-surefire-plugin/xsd/surefire-test-report-3.0.xsd" version="3.0" name="com.example.account.AccountApplicationTests" time="5.742" tests="1" errors="0" skipped="0" failures="0">
  <properties>
[...]
</properties>
  <testcase name="contextLoads" classname="com.example.account.AccountApplicationTests" time="0.439">
    <system-out><![CDATA[17:15:31.882 [main] INFO org.springframework.test.context.support.AnnotationConfigContextLoaderUtils -- Could not detect default configuration classes for test class [com.example.account.AccountApplicationTests]: AccountApplicationTests does not declare any static, non-private, non-final, nested classes annotated with @Configuration.
17:15:31.977 [main] INFO org.springframework.boot.test.context.SpringBootTestContextBootstrapper -- Found @SpringBootConfiguration com.example.account.AccountApplication for test class com.example.account.AccountApplicationTests

  .   ____          _            __ _ _
 /\\ / ___'_ __ _ _(_)_ __  __ _ \ \ \ \
( ( )\___ | '_ | '_| | '_ \/ _` | \ \ \ \
 \\/  ___)| |_)| | | | | || (_| |  ) ) ) )
  '  |____| .__|_| |_|_| |_\__, | / / / /
 =========|_|==============|___/=/_/_/_/

 :: Spring Boot ::                (v3.3.2)

2024-08-01T17:15:32.503+05:30  INFO 113847 --- [ACCOUNT-SERVICE] [           main] c.e.account.AccountApplicationTests      : Starting AccountApplicationTests using Java 21.0.3 with PID 113847 (started by ttpl-lnv14-08 in /home/ttpl-lnv14-08/Downloads/Account)
2024-08-01T17:15:32.505+05:30  INFO 113847 --- [ACCOUNT-SERVICE] [           main] c.e.account.AccountApplicationTests      : No active profile set, falling back to 1 default profile: "default"
2024-08-01T17:15:33.302+05:30  INFO 113847 --- [ACCOUNT-SERVICE] [           main] .s.d.r.c.RepositoryConfigurationDelegate : Bootstrapping Spring Data JPA repositories in DEFAULT mode.
2024-08-01T17:15:33.417+05:30  INFO 113847 --- [ACCOUNT-SERVICE] [           main] .s.d.r.c.RepositoryConfigurationDelegate : Finished Spring Data repository scanning in 108 ms. Found 1 JPA repository interface.
2024-08-01T17:15:33.665+05:30  INFO 113847 --- [ACCOUNT-SERVICE] [           main] o.s.cloud.context.scope.GenericScope     : BeanFactory id=5c611c72-3b97-30cf-bffb-f773c2d15b3a
2024-08-01T17:15:33.781+05:30  WARN 113847 --- [ACCOUNT-SERVICE] [           main] trationDelegate$BeanPostProcessorChecker : Bean 'org.springframework.cloud.client.loadbalancer.LoadBalancerAutoConfiguration$DeferringLoadBalancerInterceptorConfig' of type [org.springframework.cloud.client.loadbalancer.LoadBalancerAutoConfiguration$DeferringLoadBalancerInterceptorConfig] is not eligible for getting processed by all BeanPostProcessors (for example: not eligible for auto-proxying). The currently created BeanPostProcessor [lbRestClientPostProcessor] is declared through a non-static factory method on that class; consider declaring it as static instead.
2024-08-01T17:15:33.783+05:30  WARN 113847 --- [ACCOUNT-SERVICE] [           main] trationDelegate$BeanPostProcessorChecker : Bean 'deferringLoadBalancerInterceptor' of type [org.springframework.cloud.client.loadbalancer.DeferringLoadBalancerInterceptor] is not eligible for getting processed by all BeanPostProcessors (for example: not eligible for auto-proxying). Is this bean getting eagerly injected into a currently created BeanPostProcessor [lbRestClientPostProcessor]? Check the corresponding BeanPostProcessor declaration and its dependencies.
2024-08-01T17:15:33.908+05:30  INFO 113847 --- [ACCOUNT-SERVICE] [           main] com.zaxxer.hikari.HikariDataSource       : HikariPool-1 - Starting...
2024-08-01T17:15:34.061+05:30  INFO 113847 --- [ACCOUNT-SERVICE] [           main] com.zaxxer.hikari.pool.HikariPool        : HikariPool-1 - Added connection org.postgresql.jdbc.PgConnection@d87d449
2024-08-01T17:15:34.062+05:30  INFO 113847 --- [ACCOUNT-SERVICE] [           main] com.zaxxer.hikari.HikariDataSource       : HikariPool-1 - Start completed.
2024-08-01T17:15:34.219+05:30  INFO 113847 --- [ACCOUNT-SERVICE] [           main] liquibase.database                       : Set default schema name to public
2024-08-01T17:15:34.532+05:30  INFO 113847 --- [ACCOUNT-SERVICE] [           main] liquibase.changelog                      : Reading from public.databasechangelog
2024-08-01T17:15:34.575+05:30  INFO 113847 --- [ACCOUNT-SERVICE] [           main] liquibase.ui                             : Database is up to date, no changesets to execute
2024-08-01T17:15:34.577+05:30  INFO 113847 --- [ACCOUNT-SERVICE] [           main] liquibase.changelog                      : Reading from public.databasechangelog
2024-08-01T17:15:34.586+05:30  INFO 113847 --- [ACCOUNT-SERVICE] [           main] liquibase.util                           : UPDATE SUMMARY
2024-08-01T17:15:34.586+05:30  INFO 113847 --- [ACCOUNT-SERVICE] [           main] liquibase.util                           : Run:                          0
2024-08-01T17:15:34.587+05:30  INFO 113847 --- [ACCOUNT-SERVICE] [           main] liquibase.util                           : Previously run:               1
2024-08-01T17:15:34.587+05:30  INFO 113847 --- [ACCOUNT-SERVICE] [           main] liquibase.util                           : Filtered out:                 0
2024-08-01T17:15:34.587+05:30  INFO 113847 --- [ACCOUNT-SERVICE] [           main] liquibase.util                           : -------------------------------
2024-08-01T17:15:34.587+05:30  INFO 113847 --- [ACCOUNT-SERVICE] [           main] liquibase.util                           : Total change sets:            1
2024-08-01T17:15:34.588+05:30  INFO 113847 --- [ACCOUNT-SERVICE] [           main] liquibase.util                           : Update summary generated
2024-08-01T17:15:34.619+05:30  INFO 113847 --- [ACCOUNT-SERVICE] [           main] liquibase.lockservice                    : Successfully released change log lock
2024-08-01T17:15:34.622+05:30  INFO 113847 --- [ACCOUNT-SERVICE] [           main] liquibase.command                        : Command execution complete
2024-08-01T17:15:34.730+05:30  INFO 113847 --- [ACCOUNT-SERVICE] [           main] o.hibernate.jpa.internal.util.LogHelper  : HHH000204: Processing PersistenceUnitInfo [name: default]
2024-08-01T17:15:34.787+05:30  INFO 113847 --- [ACCOUNT-SERVICE] [           main] org.hibernate.Version                    : HHH000412: Hibernate ORM core version 6.5.2.Final
2024-08-01T17:15:34.830+05:30  INFO 113847 --- [ACCOUNT-SERVICE] [           main] o.h.c.internal.RegionFactoryInitiator    : HHH000026: Second-level cache disabled
2024-08-01T17:15:35.075+05:30  INFO 113847 --- [ACCOUNT-SERVICE] [           main] o.s.o.j.p.SpringPersistenceUnitInfo      : No LoadTimeWeaver setup: ignoring JPA class transformer
2024-08-01T17:15:35.716+05:30  INFO 113847 --- [ACCOUNT-SERVICE] [           main] o.h.e.t.j.p.i.JtaPlatformInitiator       : HHH000489: No JTA platform available (set 'hibernate.transaction.jta.platform' to enable JTA platform integration)
2024-08-01T17:15:35.718+05:30  INFO 113847 --- [ACCOUNT-SERVICE] [           main] j.LocalContainerEntityManagerFactoryBean : Initialized JPA EntityManagerFactory for persistence unit 'default'
2024-08-01T17:15:35.898+05:30  INFO 113847 --- [ACCOUNT-SERVICE] [           main] o.s.d.j.r.query.QueryEnhancerFactory     : Hibernate is in classpath; If applicable, HQL parser will be used.
2024-08-01T17:15:36.031+05:30  WARN 113847 --- [ACCOUNT-SERVICE] [           main] JpaBaseConfiguration$JpaWebConfiguration : spring.jpa.open-in-view is enabled by default. Therefore, database queries may be performed during view rendering. Explicitly configure spring.jpa.open-in-view to disable this warning
2024-08-01T17:15:36.504+05:30  INFO 113847 --- [ACCOUNT-SERVICE] [           main] DiscoveryClientOptionalArgsConfiguration : Eureka HTTP Client uses RestTemplate.
2024-08-01T17:15:36.542+05:30  WARN 113847 --- [ACCOUNT-SERVICE] [           main] iguration$LoadBalancerCaffeineWarnLogger : Spring Cloud LoadBalancer is currently working with the default cache. While this cache implementation is useful for development and tests, it's recommended to use Caffeine cache in production.You can switch to using Caffeine cache, by adding it and org.springframework.cache.caffeine.CaffeineCacheManager to the classpath.
2024-08-01T17:15:36.562+05:30  INFO 113847 --- [ACCOUNT-SERVICE] [           main] o.s.c.n.eureka.InstanceInfoFactory       : Setting initial instance status as: STARTING
2024-08-01T17:15:36.583+05:30  INFO 113847 --- [ACCOUNT-SERVICE] [           main] com.netflix.discovery.DiscoveryClient    : Initializing Eureka in region us-east-1
2024-08-01T17:15:36.586+05:30  INFO 113847 --- [ACCOUNT-SERVICE] [           main] c.n.d.s.r.aws.ConfigClusterResolver      : Resolving eureka endpoints via configuration
2024-08-01T17:15:36.594+05:30  INFO 113847 --- [ACCOUNT-SERVICE] [           main] com.netflix.discovery.DiscoveryClient    : Disable delta property : false
2024-08-01T17:15:36.594+05:30  INFO 113847 --- [ACCOUNT-SERVICE] [           main] com.netflix.discovery.DiscoveryClient    : Single vip registry refresh property : null
2024-08-01T17:15:36.594+05:30  INFO 113847 --- [ACCOUNT-SERVICE] [           main] com.netflix.discovery.DiscoveryClient    : Force full registry fetch : false
2024-08-01T17:15:36.594+05:30  INFO 113847 --- [ACCOUNT-SERVICE] [           main] com.netflix.discovery.DiscoveryClient    : Application is null : false
2024-08-01T17:15:36.594+05:30  INFO 113847 --- [ACCOUNT-SERVICE] [           main] com.netflix.discovery.DiscoveryClient    : Registered Applications size is zero : true
2024-08-01T17:15:36.594+05:30  INFO 113847 --- [ACCOUNT-SERVICE] [           main] com.netflix.discovery.DiscoveryClient    : Application version is -1: true
2024-08-01T17:15:36.594+05:30  INFO 113847 --- [ACCOUNT-SERVICE] [           main] com.netflix.discovery.DiscoveryClient    : Getting all instance registry info from the eureka server
2024-08-01T17:15:36.951+05:30  INFO 113847 --- [ACCOUNT-SERVICE] [           main] com.netflix.discovery.DiscoveryClient    : The response status is 200
2024-08-01T17:15:36.953+05:30  INFO 113847 --- [ACCOUNT-SERVICE] [           main] com.netflix.discovery.DiscoveryClient    : Starting heartbeat executor: renew interval is: 30
2024-08-01T17:15:36.955+05:30  INFO 113847 --- [ACCOUNT-SERVICE] [           main] c.n.discovery.InstanceInfoReplicator     : InstanceInfoReplicator onDemand update allowed rate per min is 4
2024-08-01T17:15:36.957+05:30  INFO 113847 --- [ACCOUNT-SERVICE] [           main] com.netflix.discovery.DiscoveryClient    : Discovery Client initialized at timestamp 1722512736957 with initial instances count: 2
2024-08-01T17:15:36.963+05:30  INFO 113847 --- [ACCOUNT-SERVICE] [           main] o.s.c.n.e.s.EurekaServiceRegistry        : Registering application ACCOUNT-SERVICE with eureka with status UP
2024-08-01T17:15:36.964+05:30  INFO 113847 --- [ACCOUNT-SERVICE] [           main] com.netflix.discovery.DiscoveryClient    : Saw local status change event StatusChangeEvent [timestamp=1722512736964, current=UP, previous=STARTING]
2024-08-01T17:15:36.965+05:30  INFO 113847 --- [ACCOUNT-SERVICE] [foReplicator-%d] com.netflix.discovery.DiscoveryClient    : DiscoveryClient_ACCOUNT-SERVICE/192.168.10.170:ACCOUNT-SERVICE:9890: registering service...
2024-08-01T17:15:36.980+05:30  INFO 113847 --- [ACCOUNT-SERVICE] [           main] c.e.account.AccountApplicationTests      : Started AccountApplicationTests in 4.883 seconds (process running for 5.824)
2024-08-01T17:15:37.002+05:30  INFO 113847 --- [ACCOUNT-SERVICE] [foReplicator-%d] com.netflix.discovery.DiscoveryClient    : DiscoveryClient_ACCOUNT-SERVICE/192.168.10.170:ACCOUNT-SERVICE:9890 - registration status: 204
]]></system-out>
    <system-err><![CDATA[WARNING: A Java agent has been loaded dynamically (/home/ttpl-lnv14-08/.m2/repository/net/bytebuddy/byte-buddy-agent/1.14.18/byte-buddy-agent-1.14.18.jar)
WARNING: If a serviceability tool is in use, please run with -XX:+EnableDynamicAgentLoading to hide this warning
WARNING: If a serviceability tool is not in use, please run with -Djdk.instrument.traceUsage for more information
WARNING: Dynamic loading of agents will be disallowed by default in a future release
]]></system-err>
  </testcase>
</testsuite>